{
"contracts\\LockBox.sol":{"l":{"23":96,"24":90,"28":10,"29":9,"33":136,"34":113,"35":109,"64":49,"66":48,"68":48,"80":48,"92":48,"101":48,"107":63,"109":63,"110":31,"113":31,"114":16,"115":16,"118":9,"119":9,"123":6,"124":6,"129":32,"131":32,"134":32,"135":9,"136":9,"139":9,"140":9,"144":14,"145":13,"155":39,"157":39,"159":20,"160":19,"162":19,"164":19,"165":0,"172":19,"173":19,"175":19,"177":19,"178":18,"188":39,"189":2,"192":39,"194":39,"196":38,"198":20,"203":9,"204":9,"206":9,"207":3,"210":3,"213":3,"219":11,"220":9,"223":5,"224":5,"226":5,"227":5,"230":0,"236":0,"244":18,"250":9,"251":9,"253":9,"254":4,"257":3,"260":2,"267":9,"268":5,"270":5,"271":5,"273":5,"274":0,"277":0,"280":5,"291":7,"293":7,"299":7,"304":2,"305":2,"306":1,"310":2,"311":1},"path":"D:\\Fiverr\\LockBox\\LockBox2\\contracts\\LockBox.sol","s":{"1":96,"2":10,"3":136,"4":113,"5":49,"6":48,"7":48,"8":48,"9":48,"10":63,"11":63,"12":31,"13":31,"14":16,"15":16,"16":15,"17":9,"18":9,"19":6,"20":6,"21":6,"22":32,"23":32,"24":32,"25":9,"26":9,"27":23,"28":9,"29":9,"30":14,"31":14,"32":13,"33":39,"34":39,"35":20,"36":19,"37":19,"38":19,"39":0,"40":19,"41":19,"42":19,"43":19,"44":19,"45":18,"46":39,"47":2,"48":39,"49":39,"50":38,"51":20,"52":9,"53":9,"54":9,"55":3,"56":6,"57":3,"58":3,"59":3,"60":11,"61":11,"62":9,"63":5,"64":5,"65":5,"66":5,"67":0,"68":0,"69":0,"70":0,"71":18,"72":18,"73":9,"74":9,"75":9,"76":4,"77":5,"78":3,"79":2,"80":2,"81":9,"82":9,"83":5,"84":5,"85":5,"86":5,"87":0,"88":5,"89":0,"90":5,"91":5,"92":7,"93":7,"94":7,"95":2,"96":2,"97":1,"98":2,"99":1},"b":{"1":[90,6],"2":[9,1],"3":[113,23],"4":[109,4],"5":[48,1],"6":[31,32],"7":[31,0],"8":[16,15],"9":[9,6],"10":[6,0],"11":[6,0],"12":[32,0],"13":[9,23],"14":[9,14],"15":[14,0],"16":[13,1],"17":[20,19],"18":[19,1],"19":[19,0],"20":[0,19],"21":[19,0],"22":[19,0],"23":[19,0],"24":[18,1],"25":[2,37],"26":[38,1],"27":[20,18],"28":[9,11],"29":[3,6],"30":[3,3],"31":[3,0],"32":[11,0],"33":[9,2],"34":[5,4],"35":[5,0],"36":[0,0],"37":[0,0],"38":[0,0],"39":[18,0],"40":[9,9],"41":[4,5],"42":[3,2],"43":[2,0],"44":[9,0],"45":[5,4],"46":[5,0],"47":[0,5],"48":[0,5],"49":[5,0],"50":[7,0],"51":[1,1],"52":[1,1]},"f":{"1":96,"2":10,"3":136,"4":49,"5":63,"6":39,"7":39,"8":7,"9":2,"10":2},"fnMap":{"1":{"name":"onlyLockboxUsers","line":22,"loc":{"start":{"line":22,"column":4},"end":{"line":25,"column":4}}},"2":{"name":"onlyLockboxOwner","line":27,"loc":{"start":{"line":27,"column":4},"end":{"line":30,"column":4}}},"3":{"name":"isLockBoxValid","line":32,"loc":{"start":{"line":32,"column":4},"end":{"line":36,"column":4}}},"4":{"name":"createLockBox","line":58,"loc":{"start":{"line":58,"column":4},"end":{"line":103,"column":4}}},"5":{"name":"lockAsset","line":105,"loc":{"start":{"line":105,"column":4},"end":{"line":151,"column":4}}},"6":{"name":"approveAsset","line":153,"loc":{"start":{"line":153,"column":4},"end":{"line":184,"column":4}}},"7":{"name":"claimAsset","line":186,"loc":{"start":{"line":186,"column":4},"end":{"line":288,"column":4}}},"8":{"name":"cancelLockBox","line":290,"loc":{"start":{"line":290,"column":4},"end":{"line":301,"column":4}}},"9":{"name":"withdrawFunds","line":303,"loc":{"start":{"line":303,"column":4},"end":{"line":307,"column":4}}},"10":{"name":"updateBoxFee","line":309,"loc":{"start":{"line":309,"column":4},"end":{"line":312,"column":4}}}},"statementMap":{"1":{"start":{"line":23,"column":8},"end":{"line":23,"column":125}},"2":{"start":{"line":28,"column":8},"end":{"line":28,"column":76}},"3":{"start":{"line":33,"column":8},"end":{"line":33,"column":91}},"4":{"start":{"line":34,"column":8},"end":{"line":34,"column":86}},"5":{"start":{"line":64,"column":8},"end":{"line":64,"column":57}},"6":{"start":{"line":68,"column":8},"end":{"line":68,"column":2042}},"7":{"start":{"line":80,"column":8},"end":{"line":80,"column":2371}},"8":{"start":{"line":92,"column":8},"end":{"line":92,"column":2700}},"9":{"start":{"line":101,"column":8},"end":{"line":101,"column":38}},"10":{"start":{"line":107,"column":8},"end":{"line":107,"column":54}},"11":{"start":{"line":109,"column":8},"end":{"line":109,"column":3087}},"12":{"start":{"line":110,"column":12},"end":{"line":110,"column":99}},"13":{"start":{"line":113,"column":12},"end":{"line":113,"column":3289}},"14":{"start":{"line":114,"column":16},"end":{"line":114,"column":117}},"15":{"start":{"line":115,"column":16},"end":{"line":115,"column":69}},"16":{"start":{"line":117,"column":17},"end":{"line":117,"column":3565}},"17":{"start":{"line":118,"column":16},"end":{"line":118,"column":122}},"18":{"start":{"line":119,"column":16},"end":{"line":119,"column":69}},"19":{"start":{"line":122,"column":17},"end":{"line":122,"column":3850}},"20":{"start":{"line":123,"column":16},"end":{"line":123,"column":97}},"21":{"start":{"line":124,"column":16},"end":{"line":124,"column":69}},"22":{"start":{"line":129,"column":12},"end":{"line":129,"column":99}},"23":{"start":{"line":131,"column":12},"end":{"line":131,"column":53}},"24":{"start":{"line":134,"column":12},"end":{"line":134,"column":4297}},"25":{"start":{"line":135,"column":16},"end":{"line":135,"column":117}},"26":{"start":{"line":136,"column":16},"end":{"line":136,"column":69}},"27":{"start":{"line":138,"column":17},"end":{"line":138,"column":4573}},"28":{"start":{"line":139,"column":16},"end":{"line":139,"column":122}},"29":{"start":{"line":140,"column":16},"end":{"line":140,"column":69}},"30":{"start":{"line":143,"column":17},"end":{"line":143,"column":4858}},"31":{"start":{"line":144,"column":16},"end":{"line":144,"column":97}},"32":{"start":{"line":145,"column":16},"end":{"line":145,"column":69}},"33":{"start":{"line":155,"column":8},"end":{"line":155,"column":54}},"34":{"start":{"line":157,"column":8},"end":{"line":157,"column":5296}},"35":{"start":{"line":159,"column":12},"end":{"line":159,"column":91}},"36":{"start":{"line":160,"column":12},"end":{"line":160,"column":110}},"37":{"start":{"line":162,"column":12},"end":{"line":162,"column":75}},"38":{"start":{"line":164,"column":12},"end":{"line":164,"column":5672}},"39":{"start":{"line":165,"column":16},"end":{"line":165,"column":55}},"40":{"start":{"line":170,"column":13},"end":{"line":170,"column":5834}},"41":{"start":{"line":172,"column":12},"end":{"line":172,"column":91}},"42":{"start":{"line":173,"column":12},"end":{"line":173,"column":110}},"43":{"start":{"line":175,"column":12},"end":{"line":175,"column":75}},"44":{"start":{"line":177,"column":12},"end":{"line":177,"column":6198}},"45":{"start":{"line":178,"column":16},"end":{"line":178,"column":55}},"46":{"start":{"line":188,"column":8},"end":{"line":188,"column":6447}},"47":{"start":{"line":189,"column":12},"end":{"line":189,"column":50}},"48":{"start":{"line":192,"column":8},"end":{"line":192,"column":54}},"49":{"start":{"line":194,"column":8},"end":{"line":194,"column":71}},"50":{"start":{"line":196,"column":8},"end":{"line":196,"column":6711}},"51":{"start":{"line":198,"column":12},"end":{"line":198,"column":6772}},"52":{"start":{"line":203,"column":16},"end":{"line":203,"column":61}},"53":{"start":{"line":204,"column":16},"end":{"line":204,"column":72}},"54":{"start":{"line":206,"column":16},"end":{"line":206,"column":7316}},"55":{"start":{"line":207,"column":20},"end":{"line":207,"column":121}},"56":{"start":{"line":209,"column":21},"end":{"line":209,"column":7531}},"57":{"start":{"line":210,"column":20},"end":{"line":210,"column":107}},"58":{"start":{"line":212,"column":21},"end":{"line":212,"column":7734}},"59":{"start":{"line":213,"column":20},"end":{"line":213,"column":89}},"60":{"start":{"line":217,"column":17},"end":{"line":217,"column":7927}},"61":{"start":{"line":219,"column":16},"end":{"line":219,"column":98}},"62":{"start":{"line":220,"column":16},"end":{"line":220,"column":110}},"63":{"start":{"line":223,"column":16},"end":{"line":223,"column":61}},"64":{"start":{"line":224,"column":16},"end":{"line":224,"column":72}},"65":{"start":{"line":226,"column":16},"end":{"line":226,"column":8486}},"66":{"start":{"line":227,"column":20},"end":{"line":227,"column":121}},"67":{"start":{"line":229,"column":21},"end":{"line":229,"column":8701}},"68":{"start":{"line":230,"column":20},"end":{"line":230,"column":107}},"69":{"start":{"line":235,"column":17},"end":{"line":235,"column":8915}},"70":{"start":{"line":236,"column":16},"end":{"line":236,"column":98}},"71":{"start":{"line":242,"column":13},"end":{"line":242,"column":9099}},"72":{"start":{"line":244,"column":12},"end":{"line":244,"column":9172}},"73":{"start":{"line":250,"column":16},"end":{"line":250,"column":61}},"74":{"start":{"line":251,"column":16},"end":{"line":251,"column":72}},"75":{"start":{"line":253,"column":16},"end":{"line":253,"column":9735}},"76":{"start":{"line":254,"column":20},"end":{"line":254,"column":121}},"77":{"start":{"line":256,"column":21},"end":{"line":256,"column":9950}},"78":{"start":{"line":257,"column":20},"end":{"line":257,"column":107}},"79":{"start":{"line":259,"column":21},"end":{"line":259,"column":10153}},"80":{"start":{"line":260,"column":20},"end":{"line":260,"column":89}},"81":{"start":{"line":265,"column":17},"end":{"line":265,"column":10348}},"82":{"start":{"line":267,"column":16},"end":{"line":267,"column":110}},"83":{"start":{"line":268,"column":16},"end":{"line":268,"column":98}},"84":{"start":{"line":270,"column":16},"end":{"line":270,"column":72}},"85":{"start":{"line":271,"column":16},"end":{"line":271,"column":61}},"86":{"start":{"line":273,"column":16},"end":{"line":273,"column":10771}},"87":{"start":{"line":274,"column":20},"end":{"line":274,"column":121}},"88":{"start":{"line":276,"column":21},"end":{"line":276,"column":10986}},"89":{"start":{"line":277,"column":20},"end":{"line":277,"column":107}},"90":{"start":{"line":279,"column":21},"end":{"line":279,"column":11189}},"91":{"start":{"line":280,"column":20},"end":{"line":280,"column":89}},"92":{"start":{"line":291,"column":8},"end":{"line":291,"column":54}},"93":{"start":{"line":293,"column":8},"end":{"line":293,"column":11559}},"94":{"start":{"line":299,"column":8},"end":{"line":299,"column":46}},"95":{"start":{"line":304,"column":8},"end":{"line":304,"column":44}},"96":{"start":{"line":305,"column":8},"end":{"line":305,"column":46}},"97":{"start":{"line":306,"column":8},"end":{"line":306,"column":41}},"98":{"start":{"line":310,"column":8},"end":{"line":310,"column":52}},"99":{"start":{"line":311,"column":8},"end":{"line":311,"column":20}}},"branchMap":{"1":{"line":23,"type":"if","locations":[{"start":{"line":23,"column":8},"end":{"line":23,"column":8}},{"start":{"line":23,"column":8},"end":{"line":23,"column":8}}]},"2":{"line":28,"type":"if","locations":[{"start":{"line":28,"column":8},"end":{"line":28,"column":8}},{"start":{"line":28,"column":8},"end":{"line":28,"column":8}}]},"3":{"line":33,"type":"if","locations":[{"start":{"line":33,"column":8},"end":{"line":33,"column":8}},{"start":{"line":33,"column":8},"end":{"line":33,"column":8}}]},"4":{"line":34,"type":"if","locations":[{"start":{"line":34,"column":8},"end":{"line":34,"column":8}},{"start":{"line":34,"column":8},"end":{"line":34,"column":8}}]},"5":{"line":64,"type":"if","locations":[{"start":{"line":64,"column":8},"end":{"line":64,"column":8}},{"start":{"line":64,"column":8},"end":{"line":64,"column":8}}]},"6":{"line":109,"type":"if","locations":[{"start":{"line":109,"column":8},"end":{"line":109,"column":8}},{"start":{"line":109,"column":8},"end":{"line":109,"column":8}}]},"7":{"line":110,"type":"if","locations":[{"start":{"line":110,"column":12},"end":{"line":110,"column":12}},{"start":{"line":110,"column":12},"end":{"line":110,"column":12}}]},"8":{"line":113,"type":"if","locations":[{"start":{"line":113,"column":12},"end":{"line":113,"column":12}},{"start":{"line":113,"column":12},"end":{"line":113,"column":12}}]},"9":{"line":117,"type":"if","locations":[{"start":{"line":117,"column":17},"end":{"line":117,"column":17}},{"start":{"line":117,"column":17},"end":{"line":117,"column":17}}]},"10":{"line":122,"type":"if","locations":[{"start":{"line":122,"column":17},"end":{"line":122,"column":17}},{"start":{"line":122,"column":17},"end":{"line":122,"column":17}}]},"11":{"line":123,"type":"if","locations":[{"start":{"line":123,"column":16},"end":{"line":123,"column":16}},{"start":{"line":123,"column":16},"end":{"line":123,"column":16}}]},"12":{"line":129,"type":"if","locations":[{"start":{"line":129,"column":12},"end":{"line":129,"column":12}},{"start":{"line":129,"column":12},"end":{"line":129,"column":12}}]},"13":{"line":134,"type":"if","locations":[{"start":{"line":134,"column":12},"end":{"line":134,"column":12}},{"start":{"line":134,"column":12},"end":{"line":134,"column":12}}]},"14":{"line":138,"type":"if","locations":[{"start":{"line":138,"column":17},"end":{"line":138,"column":17}},{"start":{"line":138,"column":17},"end":{"line":138,"column":17}}]},"15":{"line":143,"type":"if","locations":[{"start":{"line":143,"column":17},"end":{"line":143,"column":17}},{"start":{"line":143,"column":17},"end":{"line":143,"column":17}}]},"16":{"line":144,"type":"if","locations":[{"start":{"line":144,"column":16},"end":{"line":144,"column":16}},{"start":{"line":144,"column":16},"end":{"line":144,"column":16}}]},"17":{"line":157,"type":"if","locations":[{"start":{"line":157,"column":8},"end":{"line":157,"column":8}},{"start":{"line":157,"column":8},"end":{"line":157,"column":8}}]},"18":{"line":159,"type":"if","locations":[{"start":{"line":159,"column":12},"end":{"line":159,"column":12}},{"start":{"line":159,"column":12},"end":{"line":159,"column":12}}]},"19":{"line":160,"type":"if","locations":[{"start":{"line":160,"column":12},"end":{"line":160,"column":12}},{"start":{"line":160,"column":12},"end":{"line":160,"column":12}}]},"20":{"line":164,"type":"if","locations":[{"start":{"line":164,"column":12},"end":{"line":164,"column":12}},{"start":{"line":164,"column":12},"end":{"line":164,"column":12}}]},"21":{"line":170,"type":"if","locations":[{"start":{"line":170,"column":13},"end":{"line":170,"column":13}},{"start":{"line":170,"column":13},"end":{"line":170,"column":13}}]},"22":{"line":172,"type":"if","locations":[{"start":{"line":172,"column":12},"end":{"line":172,"column":12}},{"start":{"line":172,"column":12},"end":{"line":172,"column":12}}]},"23":{"line":173,"type":"if","locations":[{"start":{"line":173,"column":12},"end":{"line":173,"column":12}},{"start":{"line":173,"column":12},"end":{"line":173,"column":12}}]},"24":{"line":177,"type":"if","locations":[{"start":{"line":177,"column":12},"end":{"line":177,"column":12}},{"start":{"line":177,"column":12},"end":{"line":177,"column":12}}]},"25":{"line":188,"type":"if","locations":[{"start":{"line":188,"column":8},"end":{"line":188,"column":8}},{"start":{"line":188,"column":8},"end":{"line":188,"column":8}}]},"26":{"line":194,"type":"if","locations":[{"start":{"line":194,"column":8},"end":{"line":194,"column":8}},{"start":{"line":194,"column":8},"end":{"line":194,"column":8}}]},"27":{"line":196,"type":"if","locations":[{"start":{"line":196,"column":8},"end":{"line":196,"column":8}},{"start":{"line":196,"column":8},"end":{"line":196,"column":8}}]},"28":{"line":198,"type":"if","locations":[{"start":{"line":198,"column":12},"end":{"line":198,"column":12}},{"start":{"line":198,"column":12},"end":{"line":198,"column":12}}]},"29":{"line":206,"type":"if","locations":[{"start":{"line":206,"column":16},"end":{"line":206,"column":16}},{"start":{"line":206,"column":16},"end":{"line":206,"column":16}}]},"30":{"line":209,"type":"if","locations":[{"start":{"line":209,"column":21},"end":{"line":209,"column":21}},{"start":{"line":209,"column":21},"end":{"line":209,"column":21}}]},"31":{"line":212,"type":"if","locations":[{"start":{"line":212,"column":21},"end":{"line":212,"column":21}},{"start":{"line":212,"column":21},"end":{"line":212,"column":21}}]},"32":{"line":217,"type":"if","locations":[{"start":{"line":217,"column":17},"end":{"line":217,"column":17}},{"start":{"line":217,"column":17},"end":{"line":217,"column":17}}]},"33":{"line":219,"type":"if","locations":[{"start":{"line":219,"column":16},"end":{"line":219,"column":16}},{"start":{"line":219,"column":16},"end":{"line":219,"column":16}}]},"34":{"line":220,"type":"if","locations":[{"start":{"line":220,"column":16},"end":{"line":220,"column":16}},{"start":{"line":220,"column":16},"end":{"line":220,"column":16}}]},"35":{"line":226,"type":"if","locations":[{"start":{"line":226,"column":16},"end":{"line":226,"column":16}},{"start":{"line":226,"column":16},"end":{"line":226,"column":16}}]},"36":{"line":229,"type":"if","locations":[{"start":{"line":229,"column":21},"end":{"line":229,"column":21}},{"start":{"line":229,"column":21},"end":{"line":229,"column":21}}]},"37":{"line":235,"type":"if","locations":[{"start":{"line":235,"column":17},"end":{"line":235,"column":17}},{"start":{"line":235,"column":17},"end":{"line":235,"column":17}}]},"38":{"line":236,"type":"if","locations":[{"start":{"line":236,"column":16},"end":{"line":236,"column":16}},{"start":{"line":236,"column":16},"end":{"line":236,"column":16}}]},"39":{"line":242,"type":"if","locations":[{"start":{"line":242,"column":13},"end":{"line":242,"column":13}},{"start":{"line":242,"column":13},"end":{"line":242,"column":13}}]},"40":{"line":244,"type":"if","locations":[{"start":{"line":244,"column":12},"end":{"line":244,"column":12}},{"start":{"line":244,"column":12},"end":{"line":244,"column":12}}]},"41":{"line":253,"type":"if","locations":[{"start":{"line":253,"column":16},"end":{"line":253,"column":16}},{"start":{"line":253,"column":16},"end":{"line":253,"column":16}}]},"42":{"line":256,"type":"if","locations":[{"start":{"line":256,"column":21},"end":{"line":256,"column":21}},{"start":{"line":256,"column":21},"end":{"line":256,"column":21}}]},"43":{"line":259,"type":"if","locations":[{"start":{"line":259,"column":21},"end":{"line":259,"column":21}},{"start":{"line":259,"column":21},"end":{"line":259,"column":21}}]},"44":{"line":265,"type":"if","locations":[{"start":{"line":265,"column":17},"end":{"line":265,"column":17}},{"start":{"line":265,"column":17},"end":{"line":265,"column":17}}]},"45":{"line":267,"type":"if","locations":[{"start":{"line":267,"column":16},"end":{"line":267,"column":16}},{"start":{"line":267,"column":16},"end":{"line":267,"column":16}}]},"46":{"line":268,"type":"if","locations":[{"start":{"line":268,"column":16},"end":{"line":268,"column":16}},{"start":{"line":268,"column":16},"end":{"line":268,"column":16}}]},"47":{"line":273,"type":"if","locations":[{"start":{"line":273,"column":16},"end":{"line":273,"column":16}},{"start":{"line":273,"column":16},"end":{"line":273,"column":16}}]},"48":{"line":276,"type":"if","locations":[{"start":{"line":276,"column":21},"end":{"line":276,"column":21}},{"start":{"line":276,"column":21},"end":{"line":276,"column":21}}]},"49":{"line":279,"type":"if","locations":[{"start":{"line":279,"column":21},"end":{"line":279,"column":21}},{"start":{"line":279,"column":21},"end":{"line":279,"column":21}}]},"50":{"line":293,"type":"if","locations":[{"start":{"line":293,"column":8},"end":{"line":293,"column":8}},{"start":{"line":293,"column":8},"end":{"line":293,"column":8}}]},"51":{"line":305,"type":"if","locations":[{"start":{"line":305,"column":8},"end":{"line":305,"column":8}},{"start":{"line":305,"column":8},"end":{"line":305,"column":8}}]},"52":{"line":310,"type":"if","locations":[{"start":{"line":310,"column":8},"end":{"line":310,"column":8}},{"start":{"line":310,"column":8},"end":{"line":310,"column":8}}]}}},
"contracts\\TestNFT.sol":{"l":{},"path":"D:\\Fiverr\\LockBox\\LockBox2\\contracts\\TestNFT.sol","s":{},"b":{},"f":{"1":0},"fnMap":{"1":{"name":"constructor","line":1015,"loc":{"start":{"line":1014,"column":4},"end":{"line":1015,"column":58}}}},"statementMap":{},"branchMap":{}},
"contracts\\TestToken.sol":{"l":{},"path":"D:\\Fiverr\\LockBox\\LockBox2\\contracts\\TestToken.sol","s":{},"b":{},"f":{"1":0},"fnMap":{"1":{"name":"constructor","line":39,"loc":{"start":{"line":38,"column":4},"end":{"line":39,"column":47}}}},"statementMap":{},"branchMap":{}}}
