TN:
SF:D:\Fiverr\LockBox\LockBox2\contracts\LockBox.sol
FN:22,onlyLockboxUsers
FN:27,onlyLockboxOwner
FN:32,isLockBoxValid
FN:58,createLockBox
FN:105,lockAsset
FN:153,approveAsset
FN:186,claimAsset
FN:290,cancelLockBox
FN:303,withdrawFunds
FN:309,updateBoxFee
FNF:10
FNH:10
FNDA:96,onlyLockboxUsers
FNDA:10,onlyLockboxOwner
FNDA:136,isLockBoxValid
FNDA:49,createLockBox
FNDA:63,lockAsset
FNDA:39,approveAsset
FNDA:39,claimAsset
FNDA:7,cancelLockBox
FNDA:2,withdrawFunds
FNDA:2,updateBoxFee
DA:23,96
DA:24,90
DA:28,10
DA:29,9
DA:33,136
DA:34,113
DA:35,109
DA:64,49
DA:66,48
DA:68,48
DA:80,48
DA:92,48
DA:101,48
DA:107,63
DA:109,63
DA:110,31
DA:113,31
DA:114,16
DA:115,16
DA:118,9
DA:119,9
DA:123,6
DA:124,6
DA:129,32
DA:131,32
DA:134,32
DA:135,9
DA:136,9
DA:139,9
DA:140,9
DA:144,14
DA:145,13
DA:155,39
DA:157,39
DA:159,20
DA:160,19
DA:162,19
DA:164,19
DA:165,0
DA:172,19
DA:173,19
DA:175,19
DA:177,19
DA:178,18
DA:188,39
DA:189,2
DA:192,39
DA:194,39
DA:196,38
DA:198,20
DA:203,9
DA:204,9
DA:206,9
DA:207,3
DA:210,3
DA:213,3
DA:219,11
DA:220,9
DA:223,5
DA:224,5
DA:226,5
DA:227,5
DA:230,0
DA:236,0
DA:244,18
DA:250,9
DA:251,9
DA:253,9
DA:254,4
DA:257,3
DA:260,2
DA:267,9
DA:268,5
DA:270,5
DA:271,5
DA:273,5
DA:274,0
DA:277,0
DA:280,5
DA:291,7
DA:293,7
DA:299,7
DA:304,2
DA:305,2
DA:306,1
DA:310,2
DA:311,1
LF:87
LH:82
BRDA:23,1,0,90
BRDA:23,1,1,6
BRDA:28,2,0,9
BRDA:28,2,1,1
BRDA:33,3,0,113
BRDA:33,3,1,23
BRDA:34,4,0,109
BRDA:34,4,1,4
BRDA:64,5,0,48
BRDA:64,5,1,1
BRDA:109,6,0,31
BRDA:109,6,1,32
BRDA:110,7,0,31
BRDA:110,7,1,0
BRDA:113,8,0,16
BRDA:113,8,1,15
BRDA:117,9,0,9
BRDA:117,9,1,6
BRDA:122,10,0,6
BRDA:122,10,1,0
BRDA:123,11,0,6
BRDA:123,11,1,0
BRDA:129,12,0,32
BRDA:129,12,1,0
BRDA:134,13,0,9
BRDA:134,13,1,23
BRDA:138,14,0,9
BRDA:138,14,1,14
BRDA:143,15,0,14
BRDA:143,15,1,0
BRDA:144,16,0,13
BRDA:144,16,1,1
BRDA:157,17,0,20
BRDA:157,17,1,19
BRDA:159,18,0,19
BRDA:159,18,1,1
BRDA:160,19,0,19
BRDA:160,19,1,0
BRDA:164,20,0,0
BRDA:164,20,1,19
BRDA:170,21,0,19
BRDA:170,21,1,0
BRDA:172,22,0,19
BRDA:172,22,1,0
BRDA:173,23,0,19
BRDA:173,23,1,0
BRDA:177,24,0,18
BRDA:177,24,1,1
BRDA:188,25,0,2
BRDA:188,25,1,37
BRDA:194,26,0,38
BRDA:194,26,1,1
BRDA:196,27,0,20
BRDA:196,27,1,18
BRDA:198,28,0,9
BRDA:198,28,1,11
BRDA:206,29,0,3
BRDA:206,29,1,6
BRDA:209,30,0,3
BRDA:209,30,1,3
BRDA:212,31,0,3
BRDA:212,31,1,0
BRDA:217,32,0,11
BRDA:217,32,1,0
BRDA:219,33,0,9
BRDA:219,33,1,2
BRDA:220,34,0,5
BRDA:220,34,1,4
BRDA:226,35,0,5
BRDA:226,35,1,0
BRDA:229,36,0,0
BRDA:229,36,1,0
BRDA:235,37,0,0
BRDA:235,37,1,0
BRDA:236,38,0,0
BRDA:236,38,1,0
BRDA:242,39,0,18
BRDA:242,39,1,0
BRDA:244,40,0,9
BRDA:244,40,1,9
BRDA:253,41,0,4
BRDA:253,41,1,5
BRDA:256,42,0,3
BRDA:256,42,1,2
BRDA:259,43,0,2
BRDA:259,43,1,0
BRDA:265,44,0,9
BRDA:265,44,1,0
BRDA:267,45,0,5
BRDA:267,45,1,4
BRDA:268,46,0,5
BRDA:268,46,1,0
BRDA:273,47,0,0
BRDA:273,47,1,5
BRDA:276,48,0,0
BRDA:276,48,1,5
BRDA:279,49,0,5
BRDA:279,49,1,0
BRDA:293,50,0,7
BRDA:293,50,1,0
BRDA:305,51,0,1
BRDA:305,51,1,1
BRDA:310,52,0,1
BRDA:310,52,1,1
BRF:104
BRH:77
end_of_record
TN:
SF:D:\Fiverr\LockBox\LockBox2\contracts\TestNFT.sol
FN:1015,constructor
FNF:1
FNH:0
FNDA:0,constructor
LF:0
LH:0
BRF:0
BRH:0
end_of_record
TN:
SF:D:\Fiverr\LockBox\LockBox2\contracts\TestToken.sol
FN:39,constructor
FNF:1
FNH:0
FNDA:0,constructor
LF:0
LH:0
BRF:0
BRH:0
end_of_record
